2025-03-16 22:06:27,804 CRIT Supervisor is running as root.  Privileges were not dropped because no user is specified in the config file.  If you intend to run as root, you can set user=root in the config file to avoid this message.
2025-03-16 22:06:27,806 INFO supervisord started with pid 1
2025-03-16 22:06:28,809 INFO spawned: 'nginx' with pid 7
2025-03-16 22:06:28,810 INFO spawnerr: can't find command '/usr/sbin/php-fpm7.4'
2025-03-16 22:06:29,827 INFO success: nginx entered RUNNING state, process has stayed up for > than 1 seconds (startsecs)
2025-03-16 22:06:29,828 INFO spawnerr: can't find command '/usr/sbin/php-fpm7.4'
2025-03-16 22:06:31,831 INFO spawnerr: can't find command '/usr/sbin/php-fpm7.4'
2025-03-16 22:06:34,835 INFO spawnerr: can't find command '/usr/sbin/php-fpm7.4'
2025-03-16 22:06:34,835 INFO gave up: php-fpm entered FATAL state, too many start retries too quickly
2025-03-16 22:07:57,940 WARN received SIGQUIT indicating exit request
2025-03-16 22:07:57,940 INFO waiting for nginx to die
2025-03-16 22:07:58,957 INFO stopped: nginx (exit status 0)
2025-03-16 22:08:09,264 CRIT Supervisor is running as root.  Privileges were not dropped because no user is specified in the config file.  If you intend to run as root, you can set user=root in the config file to avoid this message.
2025-03-16 22:08:09,266 INFO supervisord started with pid 1
2025-03-16 22:08:10,271 INFO spawned: 'nginx' with pid 7
2025-03-16 22:08:10,273 INFO spawnerr: can't find command '/usr/sbin/php-fpm'
2025-03-16 22:08:11,321 INFO success: nginx entered RUNNING state, process has stayed up for > than 1 seconds (startsecs)
2025-03-16 22:08:11,322 INFO spawnerr: can't find command '/usr/sbin/php-fpm'
2025-03-16 22:08:13,325 INFO spawnerr: can't find command '/usr/sbin/php-fpm'
2025-03-16 22:08:16,330 INFO spawnerr: can't find command '/usr/sbin/php-fpm'
2025-03-16 22:08:16,330 INFO gave up: php-fpm entered FATAL state, too many start retries too quickly
2025-03-16 22:09:15,403 WARN received SIGQUIT indicating exit request
2025-03-16 22:09:15,404 INFO waiting for nginx to die
2025-03-16 22:09:16,422 INFO stopped: nginx (exit status 0)
2025-03-16 22:09:27,874 CRIT Supervisor is running as root.  Privileges were not dropped because no user is specified in the config file.  If you intend to run as root, you can set user=root in the config file to avoid this message.
2025-03-16 22:09:27,876 INFO supervisord started with pid 1
2025-03-16 22:09:28,882 INFO spawned: 'nginx' with pid 7
2025-03-16 22:09:28,888 INFO spawned: 'php-fpm' with pid 8
2025-03-16 22:09:29,948 INFO success: nginx entered RUNNING state, process has stayed up for > than 1 seconds (startsecs)
2025-03-16 22:09:29,949 INFO success: php-fpm entered RUNNING state, process has stayed up for > than 1 seconds (startsecs)
2025-03-16 22:12:18,440 WARN received SIGQUIT indicating exit request
2025-03-16 22:12:18,441 INFO waiting for nginx, php-fpm to die
2025-03-16 22:12:19,464 INFO stopped: php-fpm (exit status 0)
2025-03-16 22:12:19,481 INFO stopped: nginx (exit status 0)
2025-03-16 22:12:32,885 CRIT Supervisor is running as root.  Privileges were not dropped because no user is specified in the config file.  If you intend to run as root, you can set user=root in the config file to avoid this message.
2025-03-16 22:12:32,887 INFO supervisord started with pid 1
2025-03-16 22:12:33,891 INFO spawned: 'nginx' with pid 7
2025-03-16 22:12:33,896 INFO spawned: 'php-fpm' with pid 8
2025-03-16 22:12:34,968 INFO success: nginx entered RUNNING state, process has stayed up for > than 1 seconds (startsecs)
2025-03-16 22:12:34,968 INFO success: php-fpm entered RUNNING state, process has stayed up for > than 1 seconds (startsecs)
2025-03-16 22:15:01,153 WARN received SIGQUIT indicating exit request
2025-03-16 22:15:01,154 INFO waiting for nginx, php-fpm to die
2025-03-16 22:15:01,166 INFO stopped: php-fpm (exit status 0)
2025-03-16 22:15:01,186 INFO stopped: nginx (exit status 0)
2025-03-16 22:15:12,958 CRIT Supervisor is running as root.  Privileges were not dropped because no user is specified in the config file.  If you intend to run as root, you can set user=root in the config file to avoid this message.
2025-03-16 22:15:12,960 INFO supervisord started with pid 1
2025-03-16 22:15:13,963 INFO spawned: 'nginx' with pid 7
2025-03-16 22:15:13,965 INFO spawned: 'php-fpm' with pid 8
2025-03-16 22:15:15,015 INFO success: nginx entered RUNNING state, process has stayed up for > than 1 seconds (startsecs)
2025-03-16 22:15:15,016 INFO success: php-fpm entered RUNNING state, process has stayed up for > than 1 seconds (startsecs)
2025-03-16 22:15:43,009 WARN received SIGQUIT indicating exit request
2025-03-16 22:15:43,010 INFO waiting for nginx, php-fpm to die
2025-03-16 22:15:43,015 INFO stopped: php-fpm (exit status 0)
2025-03-16 22:15:43,022 INFO stopped: nginx (exit status 0)
2025-03-16 22:16:00,407 CRIT Supervisor is running as root.  Privileges were not dropped because no user is specified in the config file.  If you intend to run as root, you can set user=root in the config file to avoid this message.
2025-03-16 22:16:00,408 INFO supervisord started with pid 1
2025-03-16 22:16:01,414 INFO spawned: 'nginx' with pid 7
2025-03-16 22:16:01,420 INFO spawned: 'php-fpm' with pid 8
2025-03-16 22:16:03,389 INFO success: nginx entered RUNNING state, process has stayed up for > than 1 seconds (startsecs)
2025-03-16 22:16:03,389 INFO success: php-fpm entered RUNNING state, process has stayed up for > than 1 seconds (startsecs)
2025-03-16 22:17:37,681 WARN received SIGQUIT indicating exit request
2025-03-16 22:17:37,682 INFO waiting for nginx, php-fpm to die
2025-03-16 22:17:37,695 INFO stopped: php-fpm (exit status 0)
2025-03-16 22:17:37,709 INFO stopped: nginx (exit status 0)
2025-03-16 22:17:47,249 CRIT Supervisor is running as root.  Privileges were not dropped because no user is specified in the config file.  If you intend to run as root, you can set user=root in the config file to avoid this message.
2025-03-16 22:17:47,250 INFO supervisord started with pid 1
2025-03-16 22:17:48,255 INFO spawned: 'nginx' with pid 8
2025-03-16 22:17:48,261 INFO spawned: 'php-fpm' with pid 9
2025-03-16 22:17:49,331 INFO success: nginx entered RUNNING state, process has stayed up for > than 1 seconds (startsecs)
2025-03-16 22:17:49,332 INFO success: php-fpm entered RUNNING state, process has stayed up for > than 1 seconds (startsecs)
2025-03-16 22:19:21,733 WARN received SIGQUIT indicating exit request
2025-03-16 22:19:21,734 INFO waiting for nginx, php-fpm to die
2025-03-16 22:19:21,738 INFO stopped: php-fpm (exit status 0)
2025-03-16 22:19:21,743 INFO stopped: nginx (exit status 0)
2025-03-16 22:19:30,624 CRIT Supervisor is running as root.  Privileges were not dropped because no user is specified in the config file.  If you intend to run as root, you can set user=root in the config file to avoid this message.
2025-03-16 22:19:30,627 INFO supervisord started with pid 1
2025-03-16 22:19:31,632 INFO spawned: 'nginx' with pid 7
2025-03-16 22:19:31,640 INFO spawned: 'php-fpm' with pid 8
2025-03-16 22:19:32,743 INFO success: nginx entered RUNNING state, process has stayed up for > than 1 seconds (startsecs)
2025-03-16 22:19:32,743 INFO success: php-fpm entered RUNNING state, process has stayed up for > than 1 seconds (startsecs)
2025-03-16 22:20:21,955 WARN received SIGQUIT indicating exit request
2025-03-16 22:20:21,955 INFO waiting for nginx, php-fpm to die
2025-03-16 22:20:21,962 INFO stopped: php-fpm (exit status 0)
2025-03-16 22:20:21,970 INFO stopped: nginx (exit status 0)
2025-03-16 22:21:11,166 CRIT Supervisor is running as root.  Privileges were not dropped because no user is specified in the config file.  If you intend to run as root, you can set user=root in the config file to avoid this message.
2025-03-16 22:21:11,168 INFO supervisord started with pid 1
2025-03-16 22:21:12,173 INFO spawned: 'nginx' with pid 7
2025-03-16 22:21:12,178 INFO spawned: 'php-fpm' with pid 8
2025-03-16 22:21:13,246 INFO success: nginx entered RUNNING state, process has stayed up for > than 1 seconds (startsecs)
2025-03-16 22:21:13,246 INFO success: php-fpm entered RUNNING state, process has stayed up for > than 1 seconds (startsecs)
2025-03-16 22:21:56,326 WARN received SIGQUIT indicating exit request
2025-03-16 22:21:56,327 INFO waiting for nginx, php-fpm to die
2025-03-16 22:21:56,343 INFO stopped: php-fpm (exit status 0)
2025-03-16 22:21:56,362 INFO stopped: nginx (exit status 0)
2025-03-16 22:22:09,252 CRIT Supervisor is running as root.  Privileges were not dropped because no user is specified in the config file.  If you intend to run as root, you can set user=root in the config file to avoid this message.
2025-03-16 22:22:09,254 INFO supervisord started with pid 1
2025-03-16 22:22:10,259 INFO spawned: 'nginx' with pid 6
2025-03-16 22:22:10,265 INFO spawned: 'php-fpm' with pid 7
2025-03-16 22:22:11,336 INFO success: nginx entered RUNNING state, process has stayed up for > than 1 seconds (startsecs)
2025-03-16 22:22:11,337 INFO success: php-fpm entered RUNNING state, process has stayed up for > than 1 seconds (startsecs)
2025-03-16 22:23:04,716 WARN received SIGQUIT indicating exit request
2025-03-16 22:23:04,717 INFO waiting for nginx, php-fpm to die
2025-03-16 22:23:04,731 INFO stopped: php-fpm (exit status 0)
2025-03-16 22:23:04,750 INFO stopped: nginx (exit status 0)
2025-03-16 22:23:13,626 CRIT Supervisor is running as root.  Privileges were not dropped because no user is specified in the config file.  If you intend to run as root, you can set user=root in the config file to avoid this message.
2025-03-16 22:23:13,628 INFO supervisord started with pid 1
2025-03-16 22:23:14,633 INFO spawned: 'nginx' with pid 7
2025-03-16 22:23:14,638 INFO spawned: 'php-fpm' with pid 8
2025-03-16 22:23:15,701 INFO success: nginx entered RUNNING state, process has stayed up for > than 1 seconds (startsecs)
2025-03-16 22:23:15,701 INFO success: php-fpm entered RUNNING state, process has stayed up for > than 1 seconds (startsecs)
2025-03-16 22:37:19,374 WARN received SIGQUIT indicating exit request
2025-03-16 22:37:19,379 INFO waiting for nginx, php-fpm to die
2025-03-16 22:37:19,391 INFO stopped: php-fpm (exit status 0)
2025-03-16 22:37:19,406 INFO stopped: nginx (exit status 0)
2025-03-16 22:37:35,112 CRIT Supervisor is running as root.  Privileges were not dropped because no user is specified in the config file.  If you intend to run as root, you can set user=root in the config file to avoid this message.
2025-03-16 22:37:35,115 INFO supervisord started with pid 1
2025-03-16 22:37:36,117 INFO spawned: 'nginx' with pid 7
2025-03-16 22:37:36,125 INFO spawned: 'php-fpm' with pid 8
2025-03-16 22:37:37,181 INFO success: nginx entered RUNNING state, process has stayed up for > than 1 seconds (startsecs)
2025-03-16 22:37:37,182 INFO success: php-fpm entered RUNNING state, process has stayed up for > than 1 seconds (startsecs)
2025-03-16 22:41:51,199 WARN received SIGQUIT indicating exit request
2025-03-16 22:41:51,200 INFO waiting for nginx, php-fpm to die
2025-03-16 22:41:51,216 INFO stopped: php-fpm (exit status 0)
2025-03-16 22:41:51,238 INFO stopped: nginx (exit status 0)
2025-03-16 22:42:56,890 CRIT Supervisor is running as root.  Privileges were not dropped because no user is specified in the config file.  If you intend to run as root, you can set user=root in the config file to avoid this message.
2025-03-16 22:42:56,893 INFO supervisord started with pid 1
2025-03-16 22:42:57,898 INFO spawned: 'nginx' with pid 7
2025-03-16 22:42:57,905 INFO spawned: 'php-fpm' with pid 8
2025-03-16 22:42:58,975 INFO success: nginx entered RUNNING state, process has stayed up for > than 1 seconds (startsecs)
2025-03-16 22:42:58,976 INFO success: php-fpm entered RUNNING state, process has stayed up for > than 1 seconds (startsecs)
2025-03-16 23:08:42,389 WARN received SIGQUIT indicating exit request
2025-03-16 23:08:42,391 INFO waiting for nginx, php-fpm to die
2025-03-16 23:08:42,415 INFO stopped: php-fpm (exit status 0)
2025-03-16 23:08:42,435 INFO stopped: nginx (exit status 0)
2025-03-16 23:08:58,861 CRIT Supervisor is running as root.  Privileges were not dropped because no user is specified in the config file.  If you intend to run as root, you can set user=root in the config file to avoid this message.
2025-03-16 23:08:58,863 INFO supervisord started with pid 1
2025-03-16 23:08:59,869 INFO spawned: 'nginx' with pid 7
2025-03-16 23:08:59,874 INFO spawned: 'php-fpm' with pid 8
2025-03-16 23:09:00,941 INFO success: nginx entered RUNNING state, process has stayed up for > than 1 seconds (startsecs)
2025-03-16 23:09:00,941 INFO success: php-fpm entered RUNNING state, process has stayed up for > than 1 seconds (startsecs)
2025-03-16 23:23:22,929 WARN received SIGQUIT indicating exit request
2025-03-16 23:23:22,929 INFO waiting for nginx, php-fpm to die
2025-03-16 23:23:22,934 INFO stopped: php-fpm (exit status 0)
2025-03-16 23:23:22,940 INFO stopped: nginx (exit status 0)
2025-03-16 23:23:40,159 CRIT Supervisor is running as root.  Privileges were not dropped because no user is specified in the config file.  If you intend to run as root, you can set user=root in the config file to avoid this message.
2025-03-16 23:23:40,162 INFO supervisord started with pid 1
2025-03-16 23:23:41,165 INFO spawned: 'nginx' with pid 6
2025-03-16 23:23:41,167 INFO spawned: 'php-fpm' with pid 7
2025-03-16 23:23:42,219 INFO success: nginx entered RUNNING state, process has stayed up for > than 1 seconds (startsecs)
2025-03-16 23:23:42,220 INFO success: php-fpm entered RUNNING state, process has stayed up for > than 1 seconds (startsecs)
2025-03-16 23:26:02,071 WARN received SIGQUIT indicating exit request
2025-03-16 23:26:02,076 INFO waiting for nginx, php-fpm to die
2025-03-16 23:26:02,089 INFO stopped: php-fpm (exit status 0)
2025-03-16 23:26:02,103 INFO stopped: nginx (exit status 0)
2025-03-16 23:26:11,341 CRIT Supervisor is running as root.  Privileges were not dropped because no user is specified in the config file.  If you intend to run as root, you can set user=root in the config file to avoid this message.
2025-03-16 23:26:11,342 INFO supervisord started with pid 1
2025-03-16 23:26:12,347 INFO spawned: 'nginx' with pid 6
2025-03-16 23:26:12,352 INFO spawned: 'php-fpm' with pid 7
2025-03-16 23:26:13,417 INFO success: nginx entered RUNNING state, process has stayed up for > than 1 seconds (startsecs)
2025-03-16 23:26:13,417 INFO success: php-fpm entered RUNNING state, process has stayed up for > than 1 seconds (startsecs)
2025-03-16 23:27:48,538 WARN received SIGQUIT indicating exit request
2025-03-16 23:27:48,543 INFO waiting for nginx, php-fpm to die
2025-03-16 23:27:48,557 INFO stopped: php-fpm (exit status 0)
2025-03-16 23:27:48,571 INFO stopped: nginx (exit status 0)
2025-03-16 23:28:01,104 CRIT Supervisor is running as root.  Privileges were not dropped because no user is specified in the config file.  If you intend to run as root, you can set user=root in the config file to avoid this message.
2025-03-16 23:28:01,110 INFO supervisord started with pid 1
2025-03-16 23:28:02,115 INFO spawned: 'nginx' with pid 7
2025-03-16 23:28:02,122 INFO spawned: 'php-fpm' with pid 8
2025-03-16 23:28:03,193 INFO success: nginx entered RUNNING state, process has stayed up for > than 1 seconds (startsecs)
2025-03-16 23:28:03,193 INFO success: php-fpm entered RUNNING state, process has stayed up for > than 1 seconds (startsecs)
2025-03-16 23:41:52,213 WARN received SIGQUIT indicating exit request
2025-03-16 23:41:52,214 INFO waiting for nginx, php-fpm to die
2025-03-16 23:41:52,226 INFO stopped: php-fpm (exit status 0)
2025-03-16 23:41:52,241 INFO stopped: nginx (exit status 0)
2025-03-16 23:42:02,769 CRIT Supervisor is running as root.  Privileges were not dropped because no user is specified in the config file.  If you intend to run as root, you can set user=root in the config file to avoid this message.
2025-03-16 23:42:02,770 INFO supervisord started with pid 1
2025-03-16 23:42:03,775 INFO spawned: 'nginx' with pid 7
2025-03-16 23:42:03,780 INFO spawned: 'php-fpm' with pid 8
2025-03-16 23:42:04,848 INFO success: nginx entered RUNNING state, process has stayed up for > than 1 seconds (startsecs)
2025-03-16 23:42:04,848 INFO success: php-fpm entered RUNNING state, process has stayed up for > than 1 seconds (startsecs)
2025-03-16 23:47:07,215 WARN received SIGQUIT indicating exit request
2025-03-16 23:47:07,216 INFO waiting for nginx, php-fpm to die
2025-03-16 23:47:07,228 INFO stopped: php-fpm (exit status 0)
2025-03-16 23:47:07,237 INFO stopped: nginx (exit status 0)
2025-03-16 23:47:21,699 CRIT Supervisor is running as root.  Privileges were not dropped because no user is specified in the config file.  If you intend to run as root, you can set user=root in the config file to avoid this message.
2025-03-16 23:47:21,702 INFO supervisord started with pid 1
2025-03-16 23:47:22,709 INFO spawned: 'nginx' with pid 7
2025-03-16 23:47:22,715 INFO spawned: 'php-fpm' with pid 8
2025-03-16 23:47:23,789 INFO success: nginx entered RUNNING state, process has stayed up for > than 1 seconds (startsecs)
2025-03-16 23:47:23,789 INFO success: php-fpm entered RUNNING state, process has stayed up for > than 1 seconds (startsecs)
